<?xml version="1.0" encoding="UTF-8"?>
<testng-results ignored="4" total="12" passed="8" failed="0" skipped="0">
  <reporter-output>
  </reporter-output>
  <suite started-at="2023-05-16T06:10:14Z" name="DemoSuite" finished-at="2023-05-16T06:10:39Z" duration-ms="25178">
    <groups>
    </groups>
    <test started-at="2023-05-16T06:10:14Z" name="OrangeHRMLogin" finished-at="2023-05-16T06:10:21Z" duration-ms="6878">
      <class name="you.me.he.OrangeHRM">
        <test-method signature="LaunchApp()[pri:0, instance:you.me.he.OrangeHRM@36a5cabc]" started-at="2023-05-16T06:10:14Z" name="LaunchApp" finished-at="2023-05-16T06:10:19Z" duration-ms="4626" status="PASS">
          <reporter-output>
          </reporter-output>
        </test-method> <!-- LaunchApp -->
        <test-method signature="enterLoginDetails()[pri:0, instance:you.me.he.OrangeHRM@36a5cabc]" started-at="2023-05-16T06:10:19Z" name="enterLoginDetails" finished-at="2023-05-16T06:10:20Z" duration-ms="1739" status="PASS">
          <reporter-output>
          </reporter-output>
        </test-method> <!-- enterLoginDetails -->
        <test-method signature="verifyLogin()[pri:0, instance:you.me.he.OrangeHRM@36a5cabc]" started-at="2023-05-16T06:10:20Z" name="verifyLogin" finished-at="2023-05-16T06:10:21Z" duration-ms="483" status="PASS">
          <reporter-output>
          </reporter-output>
        </test-method> <!-- verifyLogin -->
      </class> <!-- you.me.he.OrangeHRM -->
    </test> <!-- OrangeHRMLogin -->
    <test started-at="2023-05-16T06:10:21Z" name="OrangeHRMMyInfo" finished-at="2023-05-16T06:10:29Z" duration-ms="7978">
      <class name="you.me.he.OrangeHRM">
        <test-method signature="LaunchApp()[pri:0, instance:you.me.he.OrangeHRM@68df9280]" started-at="2023-05-16T06:10:21Z" name="LaunchApp" finished-at="2023-05-16T06:10:25Z" duration-ms="4062" status="PASS">
          <reporter-output>
          </reporter-output>
        </test-method> <!-- LaunchApp -->
        <test-method signature="enterLoginDetails()[pri:0, instance:you.me.he.OrangeHRM@68df9280]" started-at="2023-05-16T06:10:25Z" name="enterLoginDetails" finished-at="2023-05-16T06:10:26Z" duration-ms="631" status="PASS">
          <reporter-output>
          </reporter-output>
        </test-method> <!-- enterLoginDetails -->
        <test-method signature="navigateToMyInfo()[pri:0, instance:you.me.he.OrangeHRM@68df9280]" started-at="2023-05-16T06:10:26Z" name="navigateToMyInfo" finished-at="2023-05-16T06:10:28Z" duration-ms="2839" status="PASS">
          <reporter-output>
          </reporter-output>
        </test-method> <!-- navigateToMyInfo -->
        <test-method signature="verifyMyInfo()[pri:0, instance:you.me.he.OrangeHRM@68df9280]" started-at="2023-05-16T06:10:28Z" name="verifyMyInfo" finished-at="2023-05-16T06:10:29Z" duration-ms="438" status="PASS">
          <reporter-output>
          </reporter-output>
        </test-method> <!-- verifyMyInfo -->
      </class> <!-- you.me.he.OrangeHRM -->
    </test> <!-- OrangeHRMMyInfo -->
    <test started-at="2023-05-16T06:10:29Z" name="TestGoogle" finished-at="2023-05-16T06:10:39Z" duration-ms="10275">
      <class name="you.me.he.FirstTest">
        <test-method signature="TestGoogle()[pri:0, instance:you.me.he.FirstTest@59a008ba]" started-at="2023-05-16T06:10:29Z" name="TestGoogle" finished-at="2023-05-16T06:10:39Z" duration-ms="10273" status="PASS">
          <reporter-output>
          </reporter-output>
        </test-method> <!-- TestGoogle -->
      </class> <!-- you.me.he.FirstTest -->
    </test> <!-- TestGoogle -->
  </suite> <!-- DemoSuite -->
</testng-results>
