<?xml version="1.0" encoding="UTF-8"?>
<testng-results ignored="0" total="1" passed="1" failed="0" skipped="0">
  <reporter-output>
  </reporter-output>
  <suite started-at="2022-09-07T02:28:47Z" name="Default suite" finished-at="2022-09-07T02:28:59Z" duration-ms="12504">
    <groups>
    </groups>
    <test started-at="2022-09-07T02:28:47Z" name="Default test" finished-at="2022-09-07T02:28:59Z" duration-ms="12504">
      <class name="pageObjectModle.VerifyLogInPage">
        <test-method signature="verifyLogin()[pri:0, instance:pageObjectModle.VerifyLogInPage@1b45c0e]" started-at="2022-09-07T02:28:47Z" name="verifyLogin" finished-at="2022-09-07T02:28:59Z" duration-ms="12466" status="PASS">
          <reporter-output>
          </reporter-output>
        </test-method> <!-- verifyLogin -->
      </class> <!-- pageObjectModle.VerifyLogInPage -->
    </test> <!-- Default test -->
  </suite> <!-- Default suite -->
</testng-results>
