<?xml version="1.0" encoding="UTF-8"?>
<testng-results ignored="0" total="1" passed="1" failed="0" skipped="0">
  <reporter-output>
  </reporter-output>
  <suite started-at="2022-08-23T06:18:31Z" name="Default suite" finished-at="2022-08-23T06:18:43Z" duration-ms="12132">
    <groups>
    </groups>
    <test started-at="2022-08-23T06:18:31Z" name="Default test" finished-at="2022-08-23T06:18:43Z" duration-ms="12132">
      <class name="pageObjectModle.VerifyLogInPage">
        <test-method signature="verifyLogin()[pri:0, instance:pageObjectModle.VerifyLogInPage@5e3d57c7]" started-at="2022-08-23T06:18:31Z" name="verifyLogin" finished-at="2022-08-23T06:18:43Z" duration-ms="12069" status="PASS">
          <reporter-output>
          </reporter-output>
        </test-method> <!-- verifyLogin -->
      </class> <!-- pageObjectModle.VerifyLogInPage -->
    </test> <!-- Default test -->
  </suite> <!-- Default suite -->
</testng-results>
