<?xml version="1.0" encoding="UTF-8"?>
<!-- Generated by org.testng.reporters.JUnitXMLReporter -->
<testsuite ignored="0" hostname="LAPTOP-SK1893TO" failures="0" tests="4" name="Default test" time="7.541" errors="0" timestamp="16 May 2023 04:56:03 GMT">
  <testcase classname="you.me.he.OrangeHRM" name="LaunchApp" time="5.295"/>
  <testcase classname="you.me.he.OrangeHRM" name="enterLoginDetails" time="1.719"/>
  <testcase classname="you.me.he.OrangeHRM" name="verifyLogin" time="0.442"/>
  <testcase classname="you.me.he.OrangeHRM" name="verifyMyInfo" time="0.052"/>
</testsuite> <!-- Default test -->
