<?xml version="1.0" encoding="UTF-8"?>
<!-- Generated by org.testng.reporters.JUnitXMLReporter -->
<testsuite ignored="1" hostname="LAPTOP-SK1893TO" failures="0" tests="4" name="OrangeHRMMyInfo" time="7.978" errors="0" timestamp="16 May 2023 06:10:29 GMT">
  <testcase classname="you.me.he.OrangeHRM" name="LaunchApp" time="4.062"/>
  <testcase classname="you.me.he.OrangeHRM" name="enterLoginDetails" time="0.631"/>
  <testcase classname="you.me.he.OrangeHRM" name="navigateToMyInfo" time="2.839"/>
  <testcase classname="you.me.he.OrangeHRM" name="verifyMyInfo" time="0.438"/>
  <testcase classname="you.me.he.OrangeHRM" name="verifyLogin" time="0.0">
    <ignored/>
  </testcase> <!-- verifyLogin -->
</testsuite> <!-- OrangeHRMMyInfo -->
