<?xml version="1.0" encoding="UTF-8"?>
<!-- Generated by org.testng.reporters.JUnitXMLReporter -->
<testsuite ignored="2" hostname="LAPTOP-SK1893TO" failures="0" tests="3" name="OrangeHRMLogin" time="6.878" errors="0" timestamp="16 May 2023 06:10:21 GMT">
  <testcase classname="you.me.he.OrangeHRM" name="LaunchApp" time="4.626"/>
  <testcase classname="you.me.he.OrangeHRM" name="enterLoginDetails" time="1.739"/>
  <testcase classname="you.me.he.OrangeHRM" name="verifyLogin" time="0.483"/>
  <testcase classname="you.me.he.OrangeHRM" name="verifyMyInfo" time="0.0">
    <ignored/>
  </testcase> <!-- verifyMyInfo -->
  <testcase classname="you.me.he.OrangeHRM" name="navigateToMyInfo" time="0.0">
    <ignored/>
  </testcase> <!-- navigateToMyInfo -->
</testsuite> <!-- OrangeHRMLogin -->
