<?xml version="1.0" encoding="UTF-8"?>
<!-- Generated by org.testng.reporters.JUnitXMLReporter -->
<testsuite ignored="0" hostname="LAPTOP-SK1893TO" failures="0" tests="6" name="Test" time="0.056" errors="0" timestamp="19 May 2023 01:25:59 GMT">
  <testcase classname="tryThreadCount.ThreadCountExample" name="test5" time="0.017"/>
  <testcase classname="tryThreadCount.ThreadCountExample" name="test2" time="0.016"/>
  <testcase classname="tryThreadCount.ThreadCountExample" name="test1" time="0.017"/>
  <testcase classname="tryThreadCount.ThreadCountExample" name="test3" time="0.017"/>
  <testcase classname="tryThreadCount.ThreadCountExample" name="test4" time="0.016"/>
  <testcase classname="tryThreadCount.ThreadCountExample" name="test6" time="0.006"/>
</testsuite> <!-- Test -->
