<?xml version="1.0" encoding="UTF-8"?>
<!-- Generated by org.testng.reporters.JUnitXMLReporter -->
<testsuite ignored="0" hostname="LAPTOP-SK1893TO" failures="0" tests="0" name="Nopackage" time="0.092" errors="0" timestamp="04 Aug 2022 07:42:03 GMT">
  <testcase classname="io.cucumber.testng.AbstractTestNGCucumberTests" name="@BeforeClass setUpClass" time="0.067">
    <failure type="java.lang.IllegalArgumentException" message="The glue path contained invalid identifiers ./stepDefinition">
      <![CDATA[java.lang.IllegalArgumentException: The glue path contained invalid identifiers ./stepDefinition
at io.cucumber.core.feature.GluePath.parseAssumeClasspathScheme(GluePath.java:87)
at io.cucumber.core.feature.GluePath.parse(GluePath.java:68)
at io.cucumber.core.options.CucumberOptionsAnnotationParser.addGlue(CucumberOptionsAnnotationParser.java:127)
at io.cucumber.core.options.CucumberOptionsAnnotationParser.parse(CucumberOptionsAnnotationParser.java:45)
at io.cucumber.testng.TestNGCucumberRunner.<init>(TestNGCucumberRunner.java:85)
at io.cucumber.testng.AbstractTestNGCucumberTests.setUpClass(AbstractTestNGCucumberTests.java:27)
... Removed 26 stack frames]]>
    </failure>
  </testcase> <!-- @BeforeClass setUpClass -->
</testsuite> <!-- Nopackage -->
