<?xml version="1.0" encoding="UTF-8"?>
<testng-results ignored="0" total="1" passed="0" failed="1" skipped="0">
  <reporter-output>
  </reporter-output>
  <suite started-at="2022-08-17T21:15:28Z" name="Default suite" finished-at="2022-08-17T21:15:31Z" duration-ms="2869">
    <groups>
      <group name="cucumber">
        <method signature="AbstractTestNGCucumberTests.runScenario(io.cucumber.testng.PickleWrapper, io.cucumber.testng.FeatureWrapper)[pri:0, instance:com.myrunner.MyRunner@55dfebeb]" name="runScenario" class="io.cucumber.testng.AbstractTestNGCucumberTests"/>
      </group> <!-- cucumber -->
    </groups>
    <test started-at="2022-08-17T21:15:28Z" name="Default test" finished-at="2022-08-17T21:15:31Z" duration-ms="2869">
      <class name="com.myrunner.MyRunner">
        <test-method is-config="true" signature="setUpClass(org.testng.ITestContext)[pri:0, instance:com.myrunner.MyRunner@55dfebeb]" started-at="2022-08-17T21:15:28Z" name="setUpClass" finished-at="2022-08-17T21:15:29Z" duration-ms="513" status="PASS">
          <params>
            <param index="0">
              <value>
                <![CDATA[org.testng.TestRunner@3874b815]]>
              </value>
            </param>
          </params>
          <reporter-output>
          </reporter-output>
        </test-method> <!-- setUpClass -->
        <test-method signature="runScenario(io.cucumber.testng.PickleWrapper, io.cucumber.testng.FeatureWrapper)[pri:0, instance:com.myrunner.MyRunner@55dfebeb]" started-at="2022-08-17T21:15:29Z" name="runScenario" description="Runs Cucumber Scenarios" data-provider="scenarios" finished-at="2022-08-17T21:15:31Z" duration-ms="2303" status="FAIL">
          <params>
            <param index="0">
              <value>
                <![CDATA["User able to login in the application  with valid credentials"]]>
              </value>
            </param>
            <param index="1">
              <value>
                <![CDATA["Valid user able to login to the application"]]>
              </value>
            </param>
          </params>
          <exception class="org.openqa.selenium.WebDriverException">
            <message>
              <![CDATA[unknown error: Chrome failed to start: exited normally.
  (unknown error: DevToolsActivePort file doesn't exist)
  (The process started from chrome location C:\Program Files\Google\Chrome\Application\chrome.exe is no longer running, so ChromeDriver is assuming that Chrome has crashed.)
Build info: version: '3.141.59', revision: 'e82be7d358', time: '2018-11-14T08:17:03'
System info: host: 'LAPTOP-SK1893TO', ip: '192.168.1.245', os.name: 'Windows 10', os.arch: 'amd64', os.version: '10.0', java.version: '17.0.1'
Driver info: driver.version: ChromeDriver
remote stacktrace: Backtrace:
Ordinal0 [0x00B36463+2188387]
Ordinal0 [0x00ACE461+1762401]
Ordinal0 [0x009E3D78+802168]
Ordinal0 [0x00A01F40+925504]
Ordinal0 [0x009FE331+910129]
Ordinal0 [0x00A31430+1119280]
Ordinal0 [0x00A3108A+1118346]
Ordinal0 [0x00A2C5F6+1099254]
Ordinal0 [0x00A06BE0+945120]
Ordinal0 [0x00A07AD6+948950]
GetHandleVerifier [0x00DD71F2+2712546]
GetHandleVerifier [0x00DC886D+2652765]
GetHandleVerifier [0x00BC002A+520730]
GetHandleVerifier [0x00BBEE06+516086]
Ordinal0 [0x00AD468B+1787531]
Ordinal0 [0x00AD8E88+1805960]
Ordinal0 [0x00AD8F75+1806197]
Ordinal0 [0x00AE1DF1+1842673]
BaseThreadInitThunk [0x76316739+25]
RtlGetFullPathName_UEx [0x772F90AF+1215]
RtlGetFullPathName_UEx [0x772F907D+1165]
]]>
            </message>
            <full-stacktrace>
              <![CDATA[org.openqa.selenium.WebDriverException: unknown error: Chrome failed to start: exited normally.
  (unknown error: DevToolsActivePort file doesn't exist)
  (The process started from chrome location C:\Program Files\Google\Chrome\Application\chrome.exe is no longer running, so ChromeDriver is assuming that Chrome has crashed.)
Build info: version: '3.141.59', revision: 'e82be7d358', time: '2018-11-14T08:17:03'
System info: host: 'LAPTOP-SK1893TO', ip: '192.168.1.245', os.name: 'Windows 10', os.arch: 'amd64', os.version: '10.0', java.version: '17.0.1'
Driver info: driver.version: ChromeDriver
remote stacktrace: Backtrace:
Ordinal0 [0x00B36463+2188387]
Ordinal0 [0x00ACE461+1762401]
Ordinal0 [0x009E3D78+802168]
Ordinal0 [0x00A01F40+925504]
Ordinal0 [0x009FE331+910129]
Ordinal0 [0x00A31430+1119280]
Ordinal0 [0x00A3108A+1118346]
Ordinal0 [0x00A2C5F6+1099254]
Ordinal0 [0x00A06BE0+945120]
Ordinal0 [0x00A07AD6+948950]
GetHandleVerifier [0x00DD71F2+2712546]
GetHandleVerifier [0x00DC886D+2652765]
GetHandleVerifier [0x00BC002A+520730]
GetHandleVerifier [0x00BBEE06+516086]
Ordinal0 [0x00AD468B+1787531]
Ordinal0 [0x00AD8E88+1805960]
Ordinal0 [0x00AD8F75+1806197]
Ordinal0 [0x00AE1DF1+1842673]
BaseThreadInitThunk [0x76316739+25]
RtlGetFullPathName_UEx [0x772F90AF+1215]
RtlGetFullPathName_UEx [0x772F907D+1165]

at java.base/jdk.internal.reflect.NativeConstructorAccessorImpl.newInstance0(Native Method)
at java.base/jdk.internal.reflect.NativeConstructorAccessorImpl.newInstance(NativeConstructorAccessorImpl.java:77)
at java.base/jdk.internal.reflect.DelegatingConstructorAccessorImpl.newInstance(DelegatingConstructorAccessorImpl.java:45)
at java.base/java.lang.reflect.Constructor.newInstanceWithCaller(Constructor.java:499)
at java.base/java.lang.reflect.Constructor.newInstance(Constructor.java:480)
at org.openqa.selenium.remote.W3CHandshakeResponse.lambda$errorHandler$0(W3CHandshakeResponse.java:62)
at org.openqa.selenium.remote.HandshakeResponse.lambda$getResponseFunction$0(HandshakeResponse.java:30)
at org.openqa.selenium.remote.ProtocolHandshake.lambda$createSession$0(ProtocolHandshake.java:126)
at java.base/java.util.stream.ReferencePipeline$3$1.accept(ReferencePipeline.java:197)
at java.base/java.util.Spliterators$ArraySpliterator.tryAdvance(Spliterators.java:1002)
at java.base/java.util.stream.ReferencePipeline.forEachWithCancel(ReferencePipeline.java:129)
at java.base/java.util.stream.AbstractPipeline.copyIntoWithCancel(AbstractPipeline.java:527)
at java.base/java.util.stream.AbstractPipeline.copyInto(AbstractPipeline.java:513)
at java.base/java.util.stream.AbstractPipeline.wrapAndCopyInto(AbstractPipeline.java:499)
at java.base/java.util.stream.FindOps$FindOp.evaluateSequential(FindOps.java:150)
at java.base/java.util.stream.AbstractPipeline.evaluate(AbstractPipeline.java:234)
at java.base/java.util.stream.ReferencePipeline.findFirst(ReferencePipeline.java:647)
at org.openqa.selenium.remote.ProtocolHandshake.createSession(ProtocolHandshake.java:128)
at org.openqa.selenium.remote.ProtocolHandshake.createSession(ProtocolHandshake.java:74)
at org.openqa.selenium.remote.HttpCommandExecutor.execute(HttpCommandExecutor.java:136)
at org.openqa.selenium.remote.service.DriverCommandExecutor.execute(DriverCommandExecutor.java:83)
at org.openqa.selenium.remote.RemoteWebDriver.execute(RemoteWebDriver.java:552)
at org.openqa.selenium.remote.RemoteWebDriver.startSession(RemoteWebDriver.java:213)
at org.openqa.selenium.remote.RemoteWebDriver.<init>(RemoteWebDriver.java:131)
at org.openqa.selenium.chrome.ChromeDriver.<init>(ChromeDriver.java:181)
at org.openqa.selenium.chrome.ChromeDriver.<init>(ChromeDriver.java:168)
at org.openqa.selenium.chrome.ChromeDriver.<init>(ChromeDriver.java:123)
at com.ny.steps.StepsDefinition.user_able_to_open_any_browser(StepsDefinition.java:15)
at ✽.User able to open any Browser(file:///C:/Users/islam/eclipse-workspace/UCucumber/./Features/login.feature:8)
]]>
            </full-stacktrace>
          </exception> <!-- org.openqa.selenium.WebDriverException -->
          <reporter-output>
          </reporter-output>
        </test-method> <!-- runScenario -->
        <test-method is-config="true" signature="tearDownClass()[pri:0, instance:com.myrunner.MyRunner@55dfebeb]" started-at="2022-08-17T21:15:31Z" name="tearDownClass" finished-at="2022-08-17T21:15:31Z" duration-ms="11" status="PASS">
          <reporter-output>
          </reporter-output>
        </test-method> <!-- tearDownClass -->
      </class> <!-- com.myrunner.MyRunner -->
    </test> <!-- Default test -->
  </suite> <!-- Default suite -->
</testng-results>
