<?xml version="1.0" encoding="UTF-8"?>
<!-- Generated by org.testng.reporters.JUnitXMLReporter -->
<testsuite ignored="3" hostname="LAPTOP-SK1893TO" failures="0" tests="2" name="OrangeHRMLogin" time="9.535" errors="0" timestamp="16 May 2023 22:24:34 GMT">
  <testcase classname="you.me.he.OrangeHRM" name="LaunchApp" time="7.374"/>
  <testcase classname="you.me.he.OrangeHRM" name="enterLoginDetails" time="2.112"/>
  <testcase classname="you.me.he.OrangeHRM" name="verifyMyInfo" time="0.0">
    <ignored/>
  </testcase> <!-- verifyMyInfo -->
  <testcase classname="you.me.he.OrangeHRM" name="navigateToMyInfo" time="0.0">
    <ignored/>
  </testcase> <!-- navigateToMyInfo -->
  <testcase classname="you.me.he.OrangeHRM" name="verifyLogin" time="0.0">
    <ignored/>
  </testcase> <!-- verifyLogin -->
</testsuite> <!-- OrangeHRMLogin -->
