<?xml version="1.0" encoding="UTF-8"?>
<!-- Generated by org.testng.reporters.JUnitXMLReporter -->
<testsuite ignored="2" hostname="LAPTOP-SK1893TO" failures="0" tests="3" name="OrangeHRMMyInfo" time="10.075" errors="0" timestamp="16 May 2023 22:24:44 GMT">
  <testcase classname="you.me.he.OrangeHRM" name="LaunchApp" time="6.884"/>
  <testcase classname="you.me.he.OrangeHRM" name="enterLoginDetails" time="2.658"/>
  <testcase classname="you.me.he.OrangeHRM" name="verifyMyInfo" time="0.523"/>
  <testcase classname="you.me.he.OrangeHRM" name="navigateToMyInfo" time="0.0">
    <ignored/>
  </testcase> <!-- navigateToMyInfo -->
  <testcase classname="you.me.he.OrangeHRM" name="verifyLogin" time="0.0">
    <ignored/>
  </testcase> <!-- verifyLogin -->
</testsuite> <!-- OrangeHRMMyInfo -->
