<?xml version="1.0" encoding="UTF-8"?>
<testng-results ignored="0" total="1" passed="1" failed="0" skipped="0">
  <reporter-output>
  </reporter-output>
  <suite started-at="2022-09-15T08:09:33Z" name="Default suite" finished-at="2022-09-15T08:09:40Z" duration-ms="7375">
    <groups>
    </groups>
    <test started-at="2022-09-15T08:09:33Z" name="Default test" finished-at="2022-09-15T08:09:40Z" duration-ms="7375">
      <class name="actionClass.DropDropDown">
        <test-method signature="DragnDrop()[pri:0, instance:actionClass.DropDropDown@4879dfad]" started-at="2022-09-15T08:09:33Z" name="DragnDrop" finished-at="2022-09-15T08:09:40Z" duration-ms="7345" status="PASS">
          <reporter-output>
          </reporter-output>
        </test-method> <!-- DragnDrop -->
      </class> <!-- actionClass.DropDropDown -->
    </test> <!-- Default test -->
  </suite> <!-- Default suite -->
</testng-results>
