<?xml version="1.0" encoding="UTF-8"?>
<testng-results ignored="0" total="1" passed="1" failed="0" skipped="0">
  <reporter-output>
  </reporter-output>
  <suite started-at="2023-06-07T07:18:16Z" name="Default suite" finished-at="2023-06-07T07:18:16Z" duration-ms="43">
    <groups>
    </groups>
    <test started-at="2023-06-07T07:18:16Z" name="Default test" finished-at="2023-06-07T07:18:16Z" duration-ms="43">
      <class name="codingInterview.FibonacifromTeacher">
        <test-method signature="fibonacci()[pri:0, instance:codingInterview.FibonacifromTeacher@126945f9]" started-at="2023-06-07T07:18:16Z" name="fibonacci" finished-at="2023-06-07T07:18:16Z" duration-ms="10" status="PASS">
          <reporter-output>
          </reporter-output>
        </test-method> <!-- fibonacci -->
      </class> <!-- codingInterview.FibonacifromTeacher -->
    </test> <!-- Default test -->
  </suite> <!-- Default suite -->
</testng-results>
