<?xml version="1.0" encoding="UTF-8"?>
<testng-results ignored="0" total="1" passed="1" failed="0" skipped="0">
  <reporter-output>
  </reporter-output>
  <suite started-at="2023-06-01T06:31:23Z" name="Default suite" finished-at="2023-06-01T06:31:55Z" duration-ms="32599">
    <groups>
    </groups>
    <test started-at="2023-06-01T06:31:23Z" name="Default test" finished-at="2023-06-01T06:31:55Z" duration-ms="32599">
      <class name="you.me.he.ScreenShot">
        <test-method signature="testScreenShot()[pri:0, instance:you.me.he.ScreenShot@345f69f3]" started-at="2023-06-01T06:31:23Z" name="testScreenShot" finished-at="2023-06-01T06:31:55Z" duration-ms="32466" status="PASS">
          <reporter-output>
          </reporter-output>
        </test-method> <!-- testScreenShot -->
      </class> <!-- you.me.he.ScreenShot -->
    </test> <!-- Default test -->
  </suite> <!-- Default suite -->
</testng-results>
