<?xml version="1.0" encoding="UTF-8"?>
<!-- Generated by org.testng.reporters.JUnitXMLReporter -->
<testsuite ignored="0" hostname="LAPTOP-SK1893TO" failures="0" tests="4" name="Default test" time="0.056" errors="0" timestamp="09 Nov 2023 08:54:36 GMT">
  <testcase classname="coding_practice_with34_Batch.Test_NG_Test" name="testMethod" time="0.014"/>
  <testcase classname="coding_practice_with34_Batch.Test_NG_Test" name="testMethod" time="0.015"/>
  <testcase classname="coding_practice_with34_Batch.Test_NG_Test" name="testMethod" time="0.014"/>
  <testcase classname="coding_practice_with34_Batch.Test_NG_Test" name="testMethod" time="0.014"/>
</testsuite> <!-- Default test -->
