<?xml version="1.0" encoding="UTF-8"?>
<!-- Generated by org.testng.reporters.JUnitXMLReporter -->
<testsuite ignored="0" hostname="LAPTOP-SK1893TO" failures="0" tests="3" name="Default test" time="0.044" errors="0" timestamp="10 Sep 2022 05:58:33 GMT">
  <testcase classname="com.usa.failTestRun.DataProviderExample" name="loginTest" time="0.008"/>
  <testcase classname="com.usa.failTestRun.DataProviderExample" name="loginTest" time="0.002"/>
  <testcase classname="com.usa.failTestRun.DataProviderExample" name="loginTest" time="0.0"/>
</testsuite> <!-- Default test -->
