<?xml version="1.0" encoding="UTF-8"?>
<testng-results ignored="0" total="0" passed="0" failed="0" skipped="0">
  <reporter-output>
  </reporter-output>
  <suite started-at="2022-08-28T20:50:58 EDT" name="Suite1" finished-at="2022-08-28T20:50:59 EDT" duration-ms="424">
    <groups>
      <group name="cucumber">
        <method signature="AbstractTestNGCucumberTests.runScenario(io.cucumber.testng.PickleWrapper,io.cucumber.testng.FeatureWrapper)[pri:0, instance:com.runner.MyRunner@4d5b6aac]" name="runScenario" class="io.cucumber.testng.AbstractTestNGCucumberTests"/>
      </group> <!-- cucumber -->
    </groups>
    <test started-at="2022-08-28T20:50:58 EDT" name="Nopackage" finished-at="2022-08-28T20:50:59 EDT" duration-ms="424">
      <class name="com.runner.MyRunner">
        <test-method is-config="true" signature="setUpClass()[pri:0, instance:com.runner.MyRunner@4d5b6aac]" started-at="2022-08-28T20:50:59 EDT" name="setUpClass" finished-at="2022-08-28T20:50:59 EDT" duration-ms="381" status="PASS">
          <reporter-output>
          </reporter-output>
        </test-method> <!-- setUpClass -->
        <test-method is-config="true" signature="tearDownClass()[pri:0, instance:com.runner.MyRunner@4d5b6aac]" started-at="2022-08-28T20:50:59 EDT" name="tearDownClass" finished-at="2022-08-28T20:50:59 EDT" duration-ms="13" status="PASS">
          <reporter-output>
          </reporter-output>
        </test-method> <!-- tearDownClass -->
      </class> <!-- com.runner.MyRunner -->
    </test> <!-- Nopackage -->
  </suite> <!-- Suite1 -->
</testng-results>
