<?xml version="1.0" encoding="UTF-8"?>
<testng-results ignored="0" total="1" passed="1" failed="0" skipped="0">
  <reporter-output>
  </reporter-output>
  <suite started-at="2022-08-04T20:00:00Z" name="Suite1" finished-at="2022-08-04T20:00:00Z" duration-ms="409">
    <groups>
      <group name="cucumber">
        <method signature="AbstractTestNGCucumberTests.feature(cucumber.api.testng.CucumberFeatureWrapper)[pri:0, instance:runner.LoginTestRunner@1e0f9063]" name="feature" class="cucumber.api.testng.AbstractTestNGCucumberTests"/>
      </group> <!-- cucumber -->
    </groups>
    <test started-at="2022-08-04T20:00:00Z" name="Nopackage" finished-at="2022-08-04T20:00:00Z" duration-ms="409">
      <class name="runner.LoginTestRunner">
        <test-method is-config="true" signature="setUpClass()[pri:0, instance:runner.LoginTestRunner@1e0f9063]" started-at="2022-08-04T20:00:00Z" name="setUpClass" finished-at="2022-08-04T20:00:00Z" duration-ms="256" status="PASS">
          <reporter-output>
          </reporter-output>
        </test-method> <!-- setUpClass -->
        <test-method signature="feature(cucumber.api.testng.CucumberFeatureWrapper)[pri:0, instance:runner.LoginTestRunner@1e0f9063]" started-at="2022-08-04T20:00:00Z" name="feature" description="Runs Cucumber Feature" data-provider="features" finished-at="2022-08-04T20:00:00Z" duration-ms="10" status="PASS">
          <params>
            <param index="0">
              <value>
                <![CDATA[Valid user able to login to the application]]>
              </value>
            </param>
          </params>
          <reporter-output>
          </reporter-output>
        </test-method> <!-- feature -->
        <test-method is-config="true" signature="tearDownClass()[pri:0, instance:runner.LoginTestRunner@1e0f9063]" started-at="2022-08-04T20:00:00Z" name="tearDownClass" finished-at="2022-08-04T20:00:00Z" duration-ms="28" status="PASS">
          <reporter-output>
          </reporter-output>
        </test-method> <!-- tearDownClass -->
      </class> <!-- runner.LoginTestRunner -->
    </test> <!-- Nopackage -->
  </suite> <!-- Suite1 -->
</testng-results>
