<?xml version="1.0" encoding="UTF-8"?>
<testng-results ignored="0" total="4" passed="4" failed="0" skipped="0">
  <reporter-output>
  </reporter-output>
  <suite started-at="2023-11-09T08:54:36Z" name="Default suite" finished-at="2023-11-09T08:54:36Z" duration-ms="56">
    <groups>
    </groups>
    <test started-at="2023-11-09T08:54:36Z" name="Default test" finished-at="2023-11-09T08:54:36Z" duration-ms="56">
      <class name="coding_practice_with34_Batch.Test_NG_Test">
        <test-method signature="testMethod()[pri:0, instance:coding_practice_with34_Batch.Test_NG_Test@3d2ee678]" started-at="2023-11-09T08:54:36Z" name="testMethod" finished-at="2023-11-09T08:54:36Z" duration-ms="14" status="PASS">
          <reporter-output>
          </reporter-output>
        </test-method> <!-- testMethod -->
        <test-method signature="testMethod()[pri:0, instance:coding_practice_with34_Batch.Test_NG_Test@3d2ee678]" started-at="2023-11-09T08:54:36Z" name="testMethod" finished-at="2023-11-09T08:54:36Z" duration-ms="15" status="PASS">
          <reporter-output>
          </reporter-output>
        </test-method> <!-- testMethod -->
        <test-method signature="testMethod()[pri:0, instance:coding_practice_with34_Batch.Test_NG_Test@3d2ee678]" started-at="2023-11-09T08:54:36Z" name="testMethod" finished-at="2023-11-09T08:54:36Z" duration-ms="14" status="PASS">
          <reporter-output>
          </reporter-output>
        </test-method> <!-- testMethod -->
        <test-method signature="testMethod()[pri:0, instance:coding_practice_with34_Batch.Test_NG_Test@3d2ee678]" started-at="2023-11-09T08:54:36Z" name="testMethod" finished-at="2023-11-09T08:54:36Z" duration-ms="14" status="PASS">
          <reporter-output>
          </reporter-output>
        </test-method> <!-- testMethod -->
      </class> <!-- coding_practice_with34_Batch.Test_NG_Test -->
    </test> <!-- Default test -->
  </suite> <!-- Default suite -->
</testng-results>
